C51 COMPILER V9.54   GLOBEVAR                                                              10/09/2018 00:42:20 PAGE 1   


C51 COMPILER V9.54, COMPILATION OF MODULE GLOBEVAR
OBJECT MODULE PLACED IN globeVar.OBJ
COMPILER INVOKED BY: E:\KeilC51\C51\BIN\C51.EXE globeVar.c LARGE OPTIMIZE(8,SPEED) BROWSE DEBUG OBJECTEXTEND

line level    source

   1          #include "globeVar.h"
   2          
   3          /*全局变量定义*/
   4          unsigned char data RxBuf[20];           //设置接收长度，最高为32字节
   5          
   6          /*飞控控制参数*/
   7          unsigned int d_throttle = 0;            //油门变化速度控制，不这样做的话快速变化油门时四轴会失速翻转并坠毁
   8          /*电机速度参数*/
   9          int speed0 = 0;
  10          int speed1 = 0;
  11          int speed2 = 0;
  12          int speed3 = 0;
  13          /*加载至PWM模块的参数*/
  14          int PWM0 = 0;
  15          int PWM1 = 0;
  16          int PWM2 = 0;
  17          int PWM3 = 0;
  18          
  19          //double g_x=0,g_y=0,g_z=0;                             //陀螺仪矫正参数
  20          /*角度矫正参数*/
  21          char a_x = 0;
  22          char a_y = 0;
  23          char a_z = 0;
  24          
  25          float IMU_gz;//定义未知
  26          
  27          /*MPU-6050寄存器数据参数*/
  28          double Gyro_y = 0;                                              //Y轴陀螺仪数据暂存
  29          double Gyro_x = 0;                                              //X轴陀螺仪数据暂存
  30          double Gyro_z = 0;                                              //Z轴陀螺仪数据暂存
  31          int xdata Angle_ax = 0;                                 //由加速度计算的加速度(弧度制)
  32          int xdata Angle_ay = 0;                                 //由加速度计算的加速度(弧度制)
  33          int xdata Angle_az = 0;                                 //由加速度计算的加速度(弧度制)
  34          int idata Angle_gy = 0;                                 //由角速度计算的角速率(角度制)
  35          int idata Angle_gx = 0;                                 //由角速度计算的角速率(角度制)
  36          int idata Angle_gz = 0;                                 //由角速度计算的角速率(角度制)
  37          
  38          int data AngleX = 0, AngleY = 0;                //四元数解算出的欧拉角  ,AngleZ=0
  39          
  40          /*acc16*3+tempreture16+gyro16*3直接读取MPU6050陀螺仪和加速度的数据包（用掉14字节）*/
  41          unsigned char data tp[16];                              
  42           
  43          
  44          /*飞行控制变量*/
  45          unsigned char LockState;                                //断开/连接 解锁变量
  46          unsigned char LostCom;                                  //通讯状态 变量
  47          unsigned char ShiLian;                                  //失联变量
  48          unsigned char ShiLianCount;                             //失联计数变量
  49          unsigned int throttle;                                  //油门变量
  50          unsigned int Yaw;                                               //航向变量
  51          unsigned int Roll;                                              //横滚变量
  52          unsigned int Pitch;                                             //俯仰变量
  53          unsigned char PitchRoll;                                //俯仰横滚变量
  54          unsigned char CKV_calc;                                 //CRC 算出效验包
  55          unsigned char CKV_match;                                //CRC 接收效验包
C51 COMPILER V9.54   GLOBEVAR                                                              10/09/2018 00:42:20 PAGE 2   

  56          
  57          /*PID算法变量*/
  58          float data PID_Output;                                  //PID最终输出量
  59          
  60          float xdata Last_Angle_gx = 0;                  //外环PI输出量  上一次陀螺仪数据
  61          float xdata Last_Angle_gy = 0;                  //外环PI输出量  上一次陀螺仪数据
  62          
  63          float xdata ErrORX_In = 0;                              //内环P 内环I 内环D 内环误差积分
  64          float xdata integAngleErr_X = 0;                //外环P 外环I       外环误差积分
  65          
  66          float xdata ErrORY_In = 0;                              //内环P 内环I 内环D 内环误差积分
  67          float xdata integAngleErr_Y = 0;                //外环P 外环I       外环误差积分
  68          
  69          float xdata integAngleErr_Z = 0;                //外环P 外环I       外环误差积分
  70          float xdata AngleZ_late = 0;                    //Z轴相关??
  71          
  72          float xdata Last_Ax = 0;                                //角度更新
  73          float xdata Last_Ay = 0;                                //角度更新
  74          
  75          float xdata Last_gx = 0;                                //角速度更新
  76          float xdata Last_gy = 0;                                //角速度更新
  77          
  78          float xdata Ax = 0, Ay = 0, Az = 0;             //加入遥控器控制量后的角度
  79          int xdata gx = 0, gy = 0;                               //加入遥控器控制量后的角速度
  80          //long xdata g_x_aver = 0;                              //没用到？
  81          //long xdata g_y_aver = 0;                              //没用到？
  82          //long xdata g_z_aver = 0;                              //没用到？
  83          int delta_rc_x = 0;                                             //暂不确定，待更新
  84          int delta_rc_y = 0;                                             //暂不确定，待更新
  85          int delta_rc_z = 0;                                             //暂不确定，待更新
  86          long idata PID_P;                                               //暂不确定，待更新
  87          long idata PID_I;                                               //暂不确定，待更新
  88          long idata PID_D;                                               //暂不确定，待更新
  89          


MODULE INFORMATION:   STATIC OVERLAYABLE
   CODE SIZE        =   ----    ----
   CONSTANT SIZE    =   ----    ----
   XDATA SIZE       =    128    ----
   PDATA SIZE       =   ----    ----
   DATA SIZE        =     44    ----
   IDATA SIZE       =     18    ----
   BIT SIZE         =   ----    ----
END OF MODULE INFORMATION.


C51 COMPILATION COMPLETE.  0 WARNING(S),  0 ERROR(S)
